<?xml version="1.0" encoding="UTF-8"?>
<testng-results skipped="0" failed="0" ignored="0" total="1" passed="1">
  <reporter-output>
  </reporter-output>
  <suite name="Surefire suite" duration-ms="19" started-at="2019-01-23T09:03:21Z" finished-at="2019-01-23T09:03:21Z">
    <groups>
    </groups>
    <test name="Surefire test" duration-ms="19" started-at="2019-01-23T09:03:21Z" finished-at="2019-01-23T09:03:21Z">
      <class name="mvntestngfrm.AppTest">
        <test-method status="PASS" signature="testApp()[pri:0, instance:testApp(mvntestngfrm.AppTest)]" name="testApp" duration-ms="2" started-at="2019-01-23T09:03:21Z" finished-at="2019-01-23T09:03:21Z">
          <reporter-output>
          </reporter-output>
        </test-method> <!-- testApp -->
      </class> <!-- mvntestngfrm.AppTest -->
    </test> <!-- Surefire test -->
  </suite> <!-- Surefire suite -->
</testng-results>
