<?xml version="1.0" encoding="UTF-8"?>
<testng-results skipped="0" failed="0" ignored="0" total="1" passed="1">
  <reporter-output>
  </reporter-output>
  <suite name="Surefire suite" duration-ms="26996" started-at="2019-01-23T09:02:54Z" finished-at="2019-01-23T09:03:21Z">
    <groups>
    </groups>
    <test name="Surefire test" duration-ms="26996" started-at="2019-01-23T09:02:54Z" finished-at="2019-01-23T09:03:21Z">
      <class name="mvntestngfrm.TestOne">
        <test-method status="PASS" signature="test()[pri:0, instance:mvntestngfrm.TestOne@1a407d53]" name="test" duration-ms="26909" started-at="2019-01-23T09:02:54Z" finished-at="2019-01-23T09:03:21Z">
          <reporter-output>
          </reporter-output>
        </test-method> <!-- test -->
      </class> <!-- mvntestngfrm.TestOne -->
    </test> <!-- Surefire test -->
  </suite> <!-- Surefire suite -->
</testng-results>
