<?xml version="1.0" encoding="UTF-8"?>
<testng-results skipped="0" failed="0" ignored="0" total="1" passed="1">
  <reporter-output>
  </reporter-output>
  <suite name="Surefire suite" duration-ms="79837" started-at="2019-01-29T07:31:57Z" finished-at="2019-01-29T07:33:17Z">
    <groups>
    </groups>
    <test name="Surefire test" duration-ms="79837" started-at="2019-01-29T07:31:57Z" finished-at="2019-01-29T07:33:17Z">
      <class name="mvntestngfrm.TestOne">
        <test-method status="PASS" signature="test()[pri:0, instance:mvntestngfrm.TestOne@5a61f5df]" name="test" duration-ms="79791" started-at="2019-01-29T07:31:57Z" finished-at="2019-01-29T07:33:17Z">
          <reporter-output>
          </reporter-output>
        </test-method> <!-- test -->
      </class> <!-- mvntestngfrm.TestOne -->
    </test> <!-- Surefire test -->
  </suite> <!-- Surefire suite -->
</testng-results>
